[debug] [2024-05-25T12:25:17.950Z] ----------------------------------------------------------------------
[debug] [2024-05-25T12:25:17.955Z] Command:       /Users/milan/.nvm/versions/node/v21.1.0/bin/node /Users/milan/.nvm/versions/node/v21.1.0/bin/firebase init
[debug] [2024-05-25T12:25:17.956Z] CLI Version:   13.10.1
[debug] [2024-05-25T12:25:17.956Z] Platform:      darwin
[debug] [2024-05-25T12:25:17.956Z] Node Version:  v21.1.0
[debug] [2024-05-25T12:25:17.956Z] Time:          Sat May 25 2024 14:25:17 GMT+0200 (Central European Summer Time)
[debug] [2024-05-25T12:25:17.956Z] ----------------------------------------------------------------------
[debug] 
[debug] [2024-05-25T12:25:17.992Z] > command requires scopes: ["email","openid","https://www.googleapis.com/auth/cloudplatformprojects.readonly","https://www.googleapis.com/auth/firebase","https://www.googleapis.com/auth/cloud-platform"]
[debug] [2024-05-25T12:25:17.992Z] > authorizing via signed-in user (killerko2@gmail.com)
[info] 
     ######## #### ########  ######## ########     ###     ######  ########
     ##        ##  ##     ## ##       ##     ##  ##   ##  ##       ##
     ######    ##  ########  ######   ########  #########  ######  ######
     ##        ##  ##    ##  ##       ##     ## ##     ##       ## ##
     ##       #### ##     ## ######## ########  ##     ##  ######  ########

You're about to initialize a Firebase project in this directory:

  /Users/milan/Desktop/zalohovat/Bakalarka/bakalarka

Before we get started, keep in mind:

  * You are initializing within an existing Firebase project directory

[info] 
=== Project Setup
[info] 
[info] First, let's associate this project directory with a Firebase project.
[info] You can create multiple project aliases by running firebase use --add, 
[info] but for now we'll just set up a default project.
[info] 
[debug] [2024-05-25T12:29:07.233Z] >>> [apiv2][query] GET https://firebase.googleapis.com/v1beta1/projects pageSize=100
[debug] [2024-05-25T12:29:07.762Z] <<< [apiv2][status] GET https://firebase.googleapis.com/v1beta1/projects 200
[debug] [2024-05-25T12:29:07.763Z] <<< [apiv2][body] GET https://firebase.googleapis.com/v1beta1/projects [omitted]
